{
  "stats": {
    "suites": 1,
    "tests": 8,
    "passes": 8,
    "pending": 0,
    "failures": 0,
    "start": "2020-10-29T14:46:46.094Z",
    "end": "2020-10-29T14:47:12.304Z",
    "duration": 26210,
    "testsRegistered": 8,
    "passPercent": 100,
    "pendingPercent": 0,
    "other": 0,
    "hasOther": false,
    "skipped": 0,
    "hasSkipped": false
  },
  "results": [
    {
      "uuid": "856c3546-583a-4c22-83ed-e819ab3b8953",
      "title": "",
      "fullFile": "cypress/integration/chso-page-object-test.spec.js",
      "file": "cypress/integration/chso-page-object-test.spec.js",
      "beforeHooks": [],
      "afterHooks": [],
      "tests": [],
      "suites": [
        {
          "uuid": "cfd866a7-5c4e-419b-970f-e450ca81bf6e",
          "title": "Test Suit01",
          "fullFile": "",
          "file": "",
          "beforeHooks": [],
          "afterHooks": [],
          "tests": [
            {
              "title": "Logain Logaut",
              "fullTitle": "Test Suit01 Logain Logaut",
              "timedOut": null,
              "duration": 1864,
              "state": "passed",
              "speed": "slow",
              "pass": true,
              "fail": false,
              "pending": false,
              "context": null,
              "code": "index.preformLogIn(cy, target.home, target.userNamePosition, target.userName, target.userPasswordsPosition, target.userPasswords, target.indexLoginButton, target.indexTitle, target.dashuserNamePosition);\ndash.Logout(cy, target.dashLogOutPosition, target.indexTitle);",
              "err": {},
              "uuid": "c317e91b-d684-4eb3-9b95-ceef364a664c",
              "parentUUID": "cfd866a7-5c4e-419b-970f-e450ca81bf6e",
              "isHook": false,
              "skipped": false
            },
            {
              "title": "Explore the Site",
              "fullTitle": "Test Suit01 Explore the Site",
              "timedOut": null,
              "duration": 2481,
              "state": "passed",
              "speed": "slow",
              "pass": true,
              "fail": false,
              "pending": false,
              "context": null,
              "code": "index.preformLogIn(cy, target.home, target.userNamePosition, target.userName, target.userPasswordsPosition, target.userPasswords, target.indexLoginButton, target.indexTitle, target.dashuserNamePosition);\ndash.goToARooms(cy, target.roomButton, target.verification);\nroom.goOut(cy, target.creatbutton, target.Roomcreatbutton, target.goOUTofRoom);\ndash.goToARooms(cy, target.billButton, target.verification);\nbill.goOut(cy, target.creatbutton, target.Billverification, target.goOUTofRoom);\ndash.goToARooms(cy, target.clientButton, target.verification);\nclients.goOut(cy, target.creatbutton, target.Clientverification, target.goOUTofRoom);\ndash.goToARooms(cy, target.reservationButton, target.verification);\nreserv.goOut(cy, target.creatbutton, target.resVerification, target.goOUTofRoom);\ndash.Logout(cy, target.dashLogOutPosition, target.indexTitle);",
              "err": {},
              "uuid": "52c360a4-f317-4e5d-b507-a2aae71c3eed",
              "parentUUID": "cfd866a7-5c4e-419b-970f-e450ca81bf6e",
              "isHook": false,
              "skipped": false
            },
            {
              "title": "Create Room ",
              "fullTitle": "Test Suit01 Create Room ",
              "timedOut": null,
              "duration": 3083,
              "state": "passed",
              "speed": "slow",
              "pass": true,
              "fail": false,
              "pending": false,
              "context": null,
              "code": "index.preformLogIn(cy, target.home, target.userNamePosition, target.userName, target.userPasswordsPosition, target.userPasswords, target.indexLoginButton, target.indexTitle, target.dashuserNamePosition);\ndash.goToARooms(cy, target.roomButton, target.verification);\nroom.goInCreatRoom(cy, target.creatbutton, target.Roomcreatbutton); // Går in i \"Creat rooms\"\ncroom.creatRoom(cy, target.categoryPosion, target.category, target.numberPosion, target.number, target.floorPosion, target.floor, target.availablePosion, target.pricePosion, target.price, target.featuresPosion, target.features, target.saveButton);\nroom.checkIfCreated(cy, target.number);\ndash.Logout(cy, target.dashLogOutPosition, target.indexTitle); // Loga ut",
              "err": {},
              "uuid": "05241a16-7a64-4ae4-9742-82a1e136b75a",
              "parentUUID": "cfd866a7-5c4e-419b-970f-e450ca81bf6e",
              "isHook": false,
              "skipped": false
            },
            {
              "title": "Create Bill ",
              "fullTitle": "Test Suit01 Create Bill ",
              "timedOut": null,
              "duration": 2471,
              "state": "passed",
              "speed": "slow",
              "pass": true,
              "fail": false,
              "pending": false,
              "context": null,
              "code": "index.preformLogIn(cy, target.home, target.userNamePosition, target.userName, target.userPasswordsPosition, target.userPasswords, target.indexLoginButton, target.indexTitle, target.dashuserNamePosition);\ndash.goToARooms(cy, target.billButton, target.verification);\nbill.goInCreatBill(cy, target.creatbutton, target.Billverification); // New Bill\ncbill.creatBill(cy, target.allPosion, target.cbillcon, target.valuePosion, target.value, target.paidPosion, target.saveButton);\nbill.goOut(cy, target.creatbutton, target.Billverification, target.goOUTofRoom); // Ut ur Bills \ndash.Logout(cy, target.dashLogOutPosition, target.indexTitle);",
              "err": {},
              "uuid": "27ff8b1e-85c2-4937-960c-740b428c300f",
              "parentUUID": "cfd866a7-5c4e-419b-970f-e450ca81bf6e",
              "isHook": false,
              "skipped": false
            },
            {
              "title": "Create Client ",
              "fullTitle": "Test Suit01 Create Client ",
              "timedOut": null,
              "duration": 3042,
              "state": "passed",
              "speed": "slow",
              "pass": true,
              "fail": false,
              "pending": false,
              "context": null,
              "code": "// LogIn\nindex.preformLogIn(cy, target.home, target.userNamePosition, target.userName, target.userPasswordsPosition, target.userPasswords, target.indexLoginButton, target.indexTitle, target.dashuserNamePosition);\ndash.goToARooms(cy, target.clientButton, target.verification);\nclients.goInCreatClient(cy, target.creatbutton, target.Clientverification);\ncclient.creatClient(cy, target.allPosion, target.cclientcon, target.nameLabelP, target.nameLabel, target.namePosion, target.name, target.emailLabelP, target.emailLabel, target.emailPosion, target.email, target.telLabelP, target.telLabel, target.telPosion, target.tel, target.saveButton);\nclients.goOut(cy, target.creatbutton, target.Clientverification, target.goOUTofRoom);\ndash.Logout(cy, target.dashLogOutPosition, target.indexTitle);",
              "err": {},
              "uuid": "64baa48d-c388-4bdf-9080-739846cda52d",
              "parentUUID": "cfd866a7-5c4e-419b-970f-e450ca81bf6e",
              "isHook": false,
              "skipped": false
            },
            {
              "title": "Create reservation ",
              "fullTitle": "Test Suit01 Create reservation ",
              "timedOut": null,
              "duration": 2969,
              "state": "passed",
              "speed": "slow",
              "pass": true,
              "fail": false,
              "pending": false,
              "context": null,
              "code": "// Logar in  \nindex.preformLogIn(cy, target.home, target.userNamePosition, target.userName, target.userPasswordsPosition, target.userPasswords, target.indexLoginButton, target.indexTitle, target.dashuserNamePosition); // Går in till Reservation \ndash.goToARooms(cy, target.reservationButton, target.verification); // Gå till Skapa res\nreserv.goToCreatReservaton(cy, target.creatbutton, target.resVerification); // skapa reservation\ncreserv.creatReservation(cy, target.allPosion, target.cresvverification, target.startLabelP, target.startLabel, target.startPosion, target.start, target.endLabelP, target.endLabel, target.endPosion, target.end, target.clientLabelP, target.clientLabel, target.clientPosion, target.client, target.roomLabelP, target.roomLabel, target.roomPosion, target.room, target.idLabelP, target.idLabel, target.idPosion, target.id, target.saveButton); // gå till Dash\nreserv.goOut(cy, target.creatbutton, target.resVerification, target.goOUTofRoom); // Loga ut\ndash.Logout(cy, target.dashLogOutPosition, target.indexTitle);",
              "err": {},
              "uuid": "b51817fe-a8b8-42f5-9a22-0dc250d77cb6",
              "parentUUID": "cfd866a7-5c4e-419b-970f-e450ca81bf6e",
              "isHook": false,
              "skipped": false
            },
            {
              "title": "Edit all",
              "fullTitle": "Test Suit01 Edit all",
              "timedOut": null,
              "duration": 5515,
              "state": "passed",
              "speed": "slow",
              "pass": true,
              "fail": false,
              "pending": false,
              "context": null,
              "code": "index.preformLogIn(cy, target.home, target.userNamePosition, target.userName, target.userPasswordsPosition, target.userPasswords, target.indexLoginButton, target.indexTitle, target.dashuserNamePosition);\ndash.goToARooms(cy, target.roomButton, target.verification);\neroom.edit(cy, target.alldiv, target.room, target.roomimgP, target.editP, target.edroomP, target.oldroomnr, target.roomnew, target.saveButton);\nroom.goOut(cy, target.creatbutton, target.Roomcreatbutton, target.goOUTofRoom);\ndash.goToARooms(cy, target.billButton, target.verification);\nebill.edit(cy, target.alldiv, target.bill, target.billimgP, target.editP, target.edbillP, target.oldValue, target.billnew, target.saveButton);\nbill.goOut(cy, target.creatbutton, target.Billverification, target.goOUTofRoom);\ndash.goToARooms(cy, target.clientButton, target.verification);\neclient.edit(cy, target.alldiv, target.name, target.clientimgP, target.editP, target.edClientP, target.newclient, target.saveButton);\nclients.goOut(cy, target.creatbutton, target.Clientverification, target.goOUTofRoom);\ndash.goToARooms(cy, target.reservationButton, target.verification);\nereserv.edit(cy, target.alldiv, target.newclient, target.imgP, target.editP, target.edstartP, target.oldstart, target.newstart, target.edendP, target.oldend, target.newend, target.saveButton);\nreserv.goOut(cy, target.creatbutton, target.resVerification, target.goOUTofRoom);\ndash.Logout(cy, target.dashLogOutPosition, target.indexTitle);",
              "err": {},
              "uuid": "226058a3-5779-4f30-bc1e-fe6d2f5da970",
              "parentUUID": "cfd866a7-5c4e-419b-970f-e450ca81bf6e",
              "isHook": false,
              "skipped": false
            },
            {
              "title": "Delete",
              "fullTitle": "Test Suit01 Delete",
              "timedOut": null,
              "duration": 3334,
              "state": "passed",
              "speed": "slow",
              "pass": true,
              "fail": false,
              "pending": false,
              "context": null,
              "code": "index.preformLogIn(cy, target.home, target.userNamePosition, target.userName, target.userPasswordsPosition, target.userPasswords, target.indexLoginButton, target.indexTitle, target.dashuserNamePosition);\ndash.goToARooms(cy, target.reservationButton, target.verification);\nreserv.deleteRes(cy, target.alldiv, target.newclient, target.imgP, target.deleteP);\nreserv.goOut(cy, target.creatbutton, target.resVerification, target.goOUTofRoom);\ndash.goToARooms(cy, target.clientButton, target.verification);\nclients.deleteClient(cy, target.alldiv, target.newclient, target.clientimgP, target.deleteP);\nclients.goOut(cy, target.creatbutton, target.Clientverification, target.goOUTofRoom);\ndash.goToARooms(cy, target.billButton, target.verification);\nbill.deleteBill(cy, target.alldiv, target.bill, target.billimgP, target.deleteP);\nbill.goOut(cy, target.creatbutton, target.Billverification, target.goOUTofRoom);\ndash.goToARooms(cy, target.roomButton, target.verification);\nroom.deleteRoom(cy, target.alldiv, target.roomnew, target.roomimgP, target.deleteP);\nroom.goOut(cy, target.creatbutton, target.Roomcreatbutton, target.goOUTofRoom);\ndash.Logout(cy, target.dashLogOutPosition, target.indexTitle);",
              "err": {},
              "uuid": "7d6ca6d7-00de-4278-aa17-92c3144b3fd5",
              "parentUUID": "cfd866a7-5c4e-419b-970f-e450ca81bf6e",
              "isHook": false,
              "skipped": false
            }
          ],
          "suites": [],
          "passes": [
            "c317e91b-d684-4eb3-9b95-ceef364a664c",
            "52c360a4-f317-4e5d-b507-a2aae71c3eed",
            "05241a16-7a64-4ae4-9742-82a1e136b75a",
            "27ff8b1e-85c2-4937-960c-740b428c300f",
            "64baa48d-c388-4bdf-9080-739846cda52d",
            "b51817fe-a8b8-42f5-9a22-0dc250d77cb6",
            "226058a3-5779-4f30-bc1e-fe6d2f5da970",
            "7d6ca6d7-00de-4278-aa17-92c3144b3fd5"
          ],
          "failures": [],
          "pending": [],
          "skipped": [],
          "duration": 24759,
          "root": false,
          "rootEmpty": false,
          "_timeout": 2000
        }
      ],
      "passes": [],
      "failures": [],
      "pending": [],
      "skipped": [],
      "duration": 0,
      "root": true,
      "rootEmpty": true,
      "_timeout": 2000
    }
  ],
  "meta": {
    "mocha": {
      "version": "7.0.1"
    },
    "mochawesome": {
      "options": {
        "quiet": false,
        "reportFilename": "mochawesome",
        "saveHtml": true,
        "saveJson": true,
        "consoleReporter": "spec",
        "useInlineDiffs": false,
        "code": true
      },
      "version": "6.1.1"
    },
    "marge": {
      "options": null,
      "version": "5.1.0"
    }
  }
}